19-11-12 15:25:24.544 [main] INFO  u.o.l.s.context.SysOutOverSLF4J-56 -Replaced standard System.out and System.err PrintStreams with SLF4JPrintStreams
19-11-12 15:25:24.552 [main] INFO  u.o.l.s.context.SysOutOverSLF4J-48 -Redirected System.out and System.err to SLF4J for this context
19-11-12 15:25:24.990 [main] INFO  o.s.boot.SpringBootBanner-62 -
19-11-12 15:25:24.991 [main] INFO  o.s.boot.SpringBootBanner-62 -  .   ____          _            __ _ _
19-11-12 15:25:24.991 [main] INFO  o.s.boot.SpringBootBanner-62 - /\\ / ___'_ __ _ _(_)_ __  __ _ \ \ \ \
19-11-12 15:25:24.991 [main] INFO  o.s.boot.SpringBootBanner-62 -( ( )\___ | '_ | '_| | '_ \/ _` | \ \ \ \
19-11-12 15:25:24.992 [main] INFO  o.s.boot.SpringBootBanner-62 - \\/  ___)| |_)| | | | | || (_| |  ) ) ) )
19-11-12 15:25:24.993 [main] INFO  o.s.boot.SpringBootBanner-62 -  '  |____| .__|_| |_|_| |_\__, | / / / /
19-11-12 15:25:24.994 [main] INFO  o.s.boot.SpringBootBanner-62 - =========|_|==============|___/=/_/_/_/
19-11-12 15:25:24.995 [main] INFO  o.s.boot.SpringBootBanner-62 -[32m :: Spring Boot :: [39m      [2m (v2.0.6.RELEASE)[0;39m
19-11-12 15:25:24.995 [main] INFO  o.s.boot.SpringBootBanner-62 -
19-11-12 15:25:25.059 [main] INFO  com.datasource.demo.Application-50 -Starting Application on 00190609301N with PID 56604 (D:\idea_workspace\datasource\target\classes started by wangshuai in D:\idea_workspace\datasource)
19-11-12 15:25:25.060 [main] INFO  com.datasource.demo.Application-654 -No active profile set, falling back to default profiles: default
19-11-12 15:25:25.112 [main] INFO  o.s.b.w.s.c.AnnotationConfigServletWebServerApplicationContext-588 -Refreshing org.springframework.boot.web.servlet.context.AnnotationConfigServletWebServerApplicationContext@6ed3ccb2: startup date [Tue Nov 12 15:25:25 CST 2019]; root of context hierarchy
19-11-12 15:25:25.477 [main] WARN  o.m.s.mapper.ClassPathMapperScanner-166 -No MyBatis mapper was found in '[com.aibank.demo.dao.testmain]' package. Please check your configuration.
19-11-12 15:25:25.478 [main] WARN  o.m.s.mapper.ClassPathMapperScanner-166 -No MyBatis mapper was found in '[com.aibank.demo.dao.test01]' package. Please check your configuration.
19-11-12 15:25:25.479 [main] WARN  o.m.s.mapper.ClassPathMapperScanner-166 -No MyBatis mapper was found in '[com.aibank.demo.dao.test02]' package. Please check your configuration.
19-11-12 15:25:25.622 [main] WARN  o.m.s.mapper.ClassPathMapperScanner-166 -No MyBatis mapper was found in '[com.datasource.demo]' package. Please check your configuration.
19-11-12 15:25:26.319 [main] INFO  o.s.b.w.e.tomcat.TomcatWebServer-91 -Tomcat initialized with port(s): 8088 (http)
19-11-12 15:25:26.328 [main] INFO  o.a.coyote.http11.Http11NioProtocol-180 -Initializing ProtocolHandler ["http-nio-8088"]
19-11-12 15:25:26.334 [main] INFO  o.a.catalina.core.StandardService-180 -Starting service [Tomcat]
19-11-12 15:25:26.335 [main] INFO  o.a.catalina.core.StandardEngine-180 -Starting Servlet Engine: Apache Tomcat/8.5.34
19-11-12 15:25:26.337 [localhost-startStop-1] INFO  o.a.c.core.AprLifecycleListener-180 -Loaded APR based Apache Tomcat Native library [1.2.21] using APR version [1.6.5].
19-11-12 15:25:26.337 [localhost-startStop-1] INFO  o.a.c.core.AprLifecycleListener-180 -APR capabilities: IPv6 [true], sendfile [true], accept filters [false], random [true].
19-11-12 15:25:26.337 [localhost-startStop-1] INFO  o.a.c.core.AprLifecycleListener-180 -APR/OpenSSL configuration: useAprConnector [false], useOpenSSL [true]
19-11-12 15:25:26.342 [localhost-startStop-1] INFO  o.a.c.core.AprLifecycleListener-180 -OpenSSL successfully initialized [OpenSSL 1.1.1a  20 Nov 2018]
19-11-12 15:25:26.493 [localhost-startStop-1] INFO  o.a.c.c.C.[Tomcat].[localhost].[/]-180 -Initializing Spring embedded WebApplicationContext
19-11-12 15:25:26.494 [localhost-startStop-1] INFO  o.s.web.context.ContextLoader-285 -Root WebApplicationContext: initialization completed in 1382 ms
19-11-12 15:25:26.563 [localhost-startStop-1] INFO  o.s.b.w.s.ServletRegistrationBean-187 -Servlet dispatcherServlet mapped to [/]
19-11-12 15:25:26.566 [localhost-startStop-1] INFO  o.s.b.w.s.FilterRegistrationBean-245 -Mapping filter: 'characterEncodingFilter' to: [/*]
19-11-12 15:25:26.567 [localhost-startStop-1] INFO  o.s.b.w.s.FilterRegistrationBean-245 -Mapping filter: 'hiddenHttpMethodFilter' to: [/*]
19-11-12 15:25:26.567 [localhost-startStop-1] INFO  o.s.b.w.s.FilterRegistrationBean-245 -Mapping filter: 'httpPutFormContentFilter' to: [/*]
19-11-12 15:25:26.567 [localhost-startStop-1] INFO  o.s.b.w.s.FilterRegistrationBean-245 -Mapping filter: 'requestContextFilter' to: [/*]
19-11-12 15:25:26.617 [main] WARN  o.s.b.w.s.c.AnnotationConfigServletWebServerApplicationContext-556 -Exception encountered during context initialization - cancelling refresh attempt: org.springframework.beans.factory.UnsatisfiedDependencyException: Error creating bean with name 'helloController': Unsatisfied dependency expressed through field 'helloMainService'; nested exception is org.springframework.beans.factory.BeanCreationException: Error creating bean with name 'helloMainService': Injection of resource dependencies failed; nested exception is org.springframework.beans.factory.NoSuchBeanDefinitionException: No qualifying bean of type 'com.datasource.demo.dao.testmain.HelloMainMapper' available: expected at least 1 bean which qualifies as autowire candidate. Dependency annotations: {@javax.annotation.Resource(shareable=true, lookup=, name=, description=, authenticationType=CONTAINER, type=class java.lang.Object, mappedName=)}
19-11-12 15:25:26.621 [main] INFO  o.a.catalina.core.StandardService-180 -Stopping service [Tomcat]
19-11-12 15:25:26.646 [main] INFO  o.s.b.a.l.ConditionEvaluationReportLoggingListener-142 -

Error starting ApplicationContext. To display the conditions report re-run your application with 'debug' enabled.
19-11-12 15:25:26.758 [main] ERROR o.s.b.d.LoggingFailureAnalysisReporter-42 -

***************************
APPLICATION FAILED TO START
***************************

Description:

Field helloMainService in com.datasource.demo.controller.HelloController required a bean of type 'com.datasource.demo.dao.testmain.HelloMainMapper' that could not be found.

The injection point has the following annotations:
	- @org.springframework.beans.factory.annotation.Autowired(required=true)


Action:

Consider defining a bean of type 'com.datasource.demo.dao.testmain.HelloMainMapper' in your configuration.

